<?xml version="1.0" encoding="utf-8" standalone="no"?>
<!--This file represents the results of running a test suite-->
<test-results name="E:\AuScGen\EDMC.Test\bin\Debug\EDMC.Test.dll" total="1" errors="0" failures="0" not-run="0" inconclusive="0" ignored="0" skipped="0" invalid="0" date="2015-12-18" time="01:41:35">
  <environment nunit-version="2.6.3.13283" clr-version="2.0.50727.8662" os-version="Microsoft Windows NT 6.2.9200.0" platform="Win32NT" cwd="C:\Users\sreen\Desktop\NUnit-2.6.3\bin" machine-name="DESKTOP-DKT7JM6" user="sreen" user-domain="DESKTOP-DKT7JM6" />
  <culture-info current-culture="en-IN" current-uiculture="en-US" />
  <test-suite type="Assembly" name="E:\AuScGen\EDMC.Test\bin\Debug\EDMC.Test.dll" executed="True" result="Success" success="True" time="22.992" asserts="0">
    <results>
      <test-suite type="Namespace" name="EDMC" executed="True" result="Success" success="True" time="22.981" asserts="0">
        <results>
          <test-suite type="Namespace" name="Test" executed="True" result="Success" success="True" time="22.978" asserts="0">
            <results>
              <test-suite type="TestFixture" name="TestAbout" executed="True" result="Success" success="True" time="22.973" asserts="0">
                <results>
                  <test-case name="EDMC.Test.TestAbout.TC01_ClickOnEDMCAbout" executed="True" result="Success" success="True" time="3.617" asserts="0" />
                </results>
              </test-suite>
            </results>
          </test-suite>
        </results>
      </test-suite>
    </results>
  </test-suite>
</test-results>